生成启动时间为 2017/11/12 星期日 22:20:07。
     1>项目“E:\program\ComputerControler\windows\computerControler\computerControler\computerControler.vcxproj”在节点 2 上(build 个目标)。
     1>InitializeBuildStatus:
         正在对“Release\computerControler.unsuccessfulbuild”执行 Touch 任务。
       ClCompile:
         所有输出均为最新。
       ResourceCompile:
         所有输出均为最新。
       Link:
         E:\VS2010\VC\bin\link.exe /ERRORREPORT:PROMPT /OUT:"E:\program\ComputerControler\windows\computerControler\Release\computerControler.exe" /INCREMENTAL:NO /NOLOGO kernel32.lib user32.lib gdi32.lib winspool.lib comdlg32.lib advapi32.lib shell32.lib ole32.lib oleaut32.lib uuid.lib odbc32.lib odbccp32.lib /MANIFEST /ManifestFile:"Release\computerControler.exe.intermediate.manifest" /MANIFESTUAC:"level='asInvoker' uiAccess='false'" /DEBUG /PDB:"E:\program\ComputerControler\windows\computerControler\Release\computerControler.pdb" /SUBSYSTEM:CONSOLE /OPT:REF /OPT:ICF /LTCG /TLBID:1 /DYNAMICBASE /NXCOMPAT /IMPLIB:"E:\program\ComputerControler\windows\computerControler\Release\computerControler.lib" /MACHINE:X86 Release\computerControler1.res
         Release\controler.obj
         正在生成代码
         已完成代码的生成
         computerControler.vcxproj -> E:\program\ComputerControler\windows\computerControler\Release\computerControler.exe
       Manifest:
         C:\Program Files (x86)\Microsoft SDKs\Windows\v7.0A\bin\mt.exe /nologo /verbose /out:"E:\program\ComputerControler\windows\computerControler\Release\computerControler.exe.manifest" /manifest Release\computerControler.exe.intermediate.manifest
       FinalizeBuildStatus:
         正在删除文件“Release\computerControler.unsuccessfulbuild”。
         正在对“Release\computerControler.lastbuildstate”执行 Touch 任务。
     1>已完成生成项目“E:\program\ComputerControler\windows\computerControler\computerControler\computerControler.vcxproj”(build 个目标)的操作。

生成成功。

已用时间 00:00:01.30
