生成启动时间为 2017/11/15 星期三 22:38:24。
     1>项目“E:\program\ComputerControler\windows\music\music\music.vcxproj”在节点 2 上(build 个目标)。
     1>InitializeBuildStatus:
         正在对“Release\music.unsuccessfulbuild”执行 Touch 任务。
       ClCompile:
         所有输出均为最新。
       ResourceCompile:
         所有输出均为最新。
       Link:
         E:\VS2010\VC\bin\link.exe /ERRORREPORT:PROMPT /OUT:"E:\program\ComputerControler\windows\music\Release\music.exe" /INCREMENTAL:NO /NOLOGO kernel32.lib user32.lib gdi32.lib winspool.lib comdlg32.lib advapi32.lib shell32.lib ole32.lib oleaut32.lib uuid.lib odbc32.lib odbccp32.lib /MANIFEST:NO /DEBUG /PDB:"E:\program\ComputerControler\windows\music\Release\music.pdb" /SUBSYSTEM:CONSOLE /OPT:REF /OPT:ICF /LTCG /TLBID:1 /DYNAMICBASE /NXCOMPAT /IMPLIB:"E:\program\ComputerControler\windows\music\Release\music.lib" /MACHINE:X86 Release\music.res
         Release\last.obj
         正在生成代码
         已完成代码的生成
         music.vcxproj -> E:\program\ComputerControler\windows\music\Release\music.exe
       FinalizeBuildStatus:
         正在删除文件“Release\music.unsuccessfulbuild”。
         正在对“Release\music.lastbuildstate”执行 Touch 任务。
     1>已完成生成项目“E:\program\ComputerControler\windows\music\music\music.vcxproj”(build 个目标)的操作。

生成成功。

已用时间 00:00:00.39
